<?xml version="1.0" encoding="UTF-8"?>
<testng-results skipped="0" failed="0" total="1" passed="1">
  <reporter-output>
  </reporter-output>
  <suite name="TestAll" duration-ms="19843" started-at="2016-12-25T07:27:02Z" finished-at="2016-12-25T07:27:21Z">
    <groups>
      <group name="functest1">
        <method signature="BrowserFactoryTest.factory()[pri:0, instance:cat.unittests.BrowserFactoryTest@4cb2c100]" name="factory" class="cat.unittests.BrowserFactoryTest"/>
      </group> <!-- functest1 -->
      <group name="factory123">
        <method signature="BrowserFactoryTest.factory()[pri:0, instance:cat.unittests.BrowserFactoryTest@4cb2c100]" name="factory" class="cat.unittests.BrowserFactoryTest"/>
      </group> <!-- factory123 -->
    </groups>
    <test name="order" duration-ms="19843" started-at="2016-12-25T07:27:02Z" finished-at="2016-12-25T07:27:21Z">
      <class name="cat.unittests.BrowserFactoryTest">
        <test-method status="PASS" signature="initDriver([Ljava.lang.Object;)[pri:0, instance:cat.unittests.BrowserFactoryTest@4cb2c100]" test-instance-name="" name="initDriver" is-config="true" duration-ms="17265" started-at="2016-12-25T12:57:02Z" finished-at="2016-12-25T12:57:19Z">
          <params>
            <param index="0">
              <value>
                <![CDATA[[Ljava.lang.Object;@76012793]]>
              </value>
            </param>
          </params>
          <reporter-output>
          </reporter-output>
        </test-method> <!-- initDriver -->
        <test-method status="PASS" signature="factory()[pri:0, instance:cat.unittests.BrowserFactoryTest@4cb2c100]" test-instance-name="" name="factory" duration-ms="3" started-at="2016-12-25T12:57:19Z" finished-at="2016-12-25T12:57:19Z">
          <reporter-output>
          </reporter-output>
        </test-method> <!-- factory -->
        <test-method status="PASS" signature="quitDriver()[pri:0, instance:cat.unittests.BrowserFactoryTest@4cb2c100]" test-instance-name="" name="quitDriver" is-config="true" duration-ms="2530" started-at="2016-12-25T12:57:19Z" finished-at="2016-12-25T12:57:21Z">
          <reporter-output>
          </reporter-output>
        </test-method> <!-- quitDriver -->
      </class> <!-- cat.unittests.BrowserFactoryTest -->
    </test> <!-- order -->
  </suite> <!-- TestAll -->
</testng-results>
