<?xml version="1.0" encoding="UTF-8"?>
<testng-results skipped="0" failed="0" total="2" passed="2">
  <reporter-output>
  </reporter-output>
  <suite name="Testing of the infoQ website" duration-ms="25138" started-at="2017-01-15T08:40:10Z" finished-at="2017-01-15T08:40:35Z">
    <groups>
      <group name="infoq">
        <method signature="InfoQNavigationTest.checkScrolling()[pri:0, instance:endtoendtestsInfoQ.InfoQNavigationTest@f6c48ac]" name="checkScrolling" class="endtoendtestsInfoQ.InfoQNavigationTest"/>
        <method signature="InfoQNavigationTest.navigatetoInfoQ()[pri:0, instance:endtoendtestsInfoQ.InfoQNavigationTest@f6c48ac]" name="navigatetoInfoQ" class="endtoendtestsInfoQ.InfoQNavigationTest"/>
      </group> <!-- infoq -->
      <group name="infoq111">
        <method signature="InfoQNavigationTest.checkScrolling()[pri:0, instance:endtoendtestsInfoQ.InfoQNavigationTest@f6c48ac]" name="checkScrolling" class="endtoendtestsInfoQ.InfoQNavigationTest"/>
        <method signature="InfoQNavigationTest.navigatetoInfoQ()[pri:0, instance:endtoendtestsInfoQ.InfoQNavigationTest@f6c48ac]" name="navigatetoInfoQ" class="endtoendtestsInfoQ.InfoQNavigationTest"/>
      </group> <!-- infoq111 -->
    </groups>
    <test name="order" duration-ms="25138" started-at="2017-01-15T08:40:10Z" finished-at="2017-01-15T08:40:35Z">
      <class name="endtoendtestsInfoQ.InfoQNavigationTest">
        <test-method status="PASS" signature="setupSuite()[pri:0, instance:endtoendtestsInfoQ.InfoQNavigationTest@f6c48ac]" name="setupSuite" is-config="true" duration-ms="12" started-at="2017-01-15T14:10:10Z" finished-at="2017-01-15T14:10:10Z">
          <reporter-output>
          </reporter-output>
        </test-method> <!-- setupSuite -->
        <test-method status="PASS" signature="initDriver([Ljava.lang.Object;)[pri:0, instance:endtoendtestsInfoQ.InfoQNavigationTest@f6c48ac]" name="initDriver" is-config="true" duration-ms="4496" started-at="2017-01-15T14:10:10Z" finished-at="2017-01-15T14:10:15Z">
          <params>
            <param index="0">
              <value is-null="true"/>
            </param>
          </params>
          <reporter-output>
          </reporter-output>
        </test-method> <!-- initDriver -->
        <test-method status="PASS" signature="setupTests()[pri:0, instance:endtoendtestsInfoQ.InfoQNavigationTest@f6c48ac]" name="setupTests" is-config="true" duration-ms="5429" started-at="2017-01-15T14:10:15Z" depends-on-methods="com.catapi.core.CatBaseTestCase.initDriver" finished-at="2017-01-15T14:10:20Z">
          <reporter-output>
          </reporter-output>
        </test-method> <!-- setupTests -->
        <test-method status="PASS" signature="checkScrolling()[pri:0, instance:endtoendtestsInfoQ.InfoQNavigationTest@f6c48ac]" name="checkScrolling" duration-ms="1523" started-at="2017-01-15T14:10:20Z" description="scroll test class" finished-at="2017-01-15T14:10:22Z">
          <reporter-output>
          </reporter-output>
        </test-method> <!-- checkScrolling -->
        <test-method status="PASS" signature="navigatetoInfoQ()[pri:0, instance:endtoendtestsInfoQ.InfoQNavigationTest@f6c48ac]" name="navigatetoInfoQ" duration-ms="12029" started-at="2017-01-15T14:10:22Z" description="navigatieon test class" finished-at="2017-01-15T14:10:34Z">
          <reporter-output>
          </reporter-output>
        </test-method> <!-- navigatetoInfoQ -->
        <test-method status="PASS" signature="quitDriver()[pri:0, instance:endtoendtestsInfoQ.InfoQNavigationTest@f6c48ac]" name="quitDriver" is-config="true" duration-ms="1159" started-at="2017-01-15T14:10:34Z" finished-at="2017-01-15T14:10:35Z">
          <reporter-output>
          </reporter-output>
        </test-method> <!-- quitDriver -->
      </class> <!-- endtoendtestsInfoQ.InfoQNavigationTest -->
    </test> <!-- order -->
  </suite> <!-- Testing of the infoQ website -->
</testng-results>
